Starting model training pipeline...
Loading data...
Some schemes have very few samples: McVay System           2
West Coast             1
Coryell Vertical       1
Pistol Power Spread    1
Spread Option          1
Run Power              1
Shanahan Wide Zone     1
Air Raid               1
Name: scheme, dtype: int64
Loaded 153 weekly samples and 9 seasonal samples
Preparing features...
Training model...
Training with 162 samples, 22 features
Error in train_scheme_classifier: Invalid classes inferred from unique values of `y`.  Expected: [0 1 2 3 4 5 6 7], got ['Air Raid' 'Coryell Vertical' 'McVay System' 'Pistol Power Spread'
 'Run Power' 'Shanahan Wide Zone' 'Spread Option' 'West Coast']
Error in main execution: Invalid classes inferred from unique values of `y`.  Expected: [0 1 2 3 4 5 6 7], got ['Air Raid' 'Coryell Vertical' 'McVay System' 'Pistol Power Spread'
 'Run Power' 'Shanahan Wide Zone' 'Spread Option' 'West Coast']
Traceback (most recent call last):
  File "c:\Users\dgmen\OneDrive\Documents\front-office-ai\scheme.py", line 414, in <module>
    model, scaler, importance = train_scheme_classifier(X, y, sample_weights)
                                ^^^^^^^^^^^^^^^^^^^^^^^^^^^^^^^^^^^^^^^^^^^^^
  File "c:\Users\dgmen\OneDrive\Documents\front-office-ai\scheme.py", line 242, in train_scheme_classifier
    xgb_model.fit(
  File "C:\Users\dgmen\OneDrive\Documents\front-office-ai\.venv\Lib\site-packages\xgboost\core.py", line 726, in inner_f
    return func(**kwargs)
           ^^^^^^^^^^^^^^
  File "C:\Users\dgmen\OneDrive\Documents\front-office-ai\.venv\Lib\site-packages\xgboost\sklearn.py", line 1491, in fit
    raise ValueError(
ValueError: Invalid classes inferred from unique values of `y`.  Expected: [0 1 2 3 4 5 6 7], got ['Air Raid' 'Coryell Vertical' 'McVay System' 'Pistol Power Spread'
 'Run Power' 'Shanahan Wide Zone' 'Spread Option' 'West Coast']
